<< CAP LS
<< NICK nvallin
<< USER nvallin nvallin irc.libera.chat :Nuutti Vallin
>> :zirconium.libera.chat NOTICE * :*** Checking Ident
>> :zirconium.libera.chat NOTICE * :*** Looking up your hostname...
>> :zirconium.libera.chat NOTICE * :*** Couldn't look up your hostname
>> :zirconium.libera.chat NOTICE * :*** No Ident response
>> :zirconium.libera.chat CAP * LS :account-notify away-notify chghost extended-join multi-prefix sasl tls account-tag cap-notify echo-message server-time solanum.chat/identify-msg solanum.chat/oper solanum.chat/realhost
<< CAP REQ :multi-prefix
>> :zirconium.libera.chat CAP nvallin ACK :multi-prefix
<< CAP END
>> :zirconium.libera.chat 001 nvallin :Welcome to the Libera.Chat Internet Relay Chat Network nvallin
<< MODE nvallin +i
>> :zirconium.libera.chat 002 nvallin :Your host is zirconium.libera.chat[46.16.175.175/6697], running version solanum-1.0-dev
>> :zirconium.libera.chat 003 nvallin :This server was created Fri Jul 12 2024 at 19:54:19 UTC
>> :zirconium.libera.chat 004 nvallin zirconium.libera.chat solanum-1.0-dev DGIMQRSZaghilopsuwz CFILMPQRSTbcefgijklmnopqrstuvz bkloveqjfI
>> :zirconium.libera.chat 005 nvallin ACCOUNTEXTBAN=a ETRACE WHOX FNC MONITOR=100 SAFELIST ELIST=CMNTU CALLERID=g KNOCK CHANTYPES=# EXCEPTS INVEX :are supported by this server
>> :zirconium.libera.chat 005 nvallin CHANMODES=eIbq,k,flj,CFLMPQRSTcgimnprstuz CHANLIMIT=#:250 PREFIX=(ov)@+ MAXLIST=bqeI:100 MODES=4 NETWORK=Libera.Chat STATUSMSG=@+ CASEMAPPING=rfc1459 NICKLEN=16 MAXNICKLEN=16 CHANNELLEN=50 TOPICLEN=390 :are supported by this server
>> :zirconium.libera.chat 005 nvallin DEAF=D TARGMAX=NAMES:1,LIST:1,KICK:1,WHOIS:1,PRIVMSG:4,NOTICE:4,ACCEPT:,MONITOR: EXTBAN=$,agjrxz :are supported by this server
>> :zirconium.libera.chat 251 nvallin :There are 63 users and 30790 invisible on 28 servers
>> :zirconium.libera.chat 252 nvallin 42 :IRC Operators online
>> :zirconium.libera.chat 253 nvallin 46 :unknown connection(s)
>> :zirconium.libera.chat 254 nvallin 22358 :channels formed
>> :zirconium.libera.chat 255 nvallin :I have 2037 clients and 1 servers
>> :zirconium.libera.chat 265 nvallin 2037 2697 :Current local users 2037, max 2697
>> :zirconium.libera.chat 266 nvallin 30853 34153 :Current global users 30853, max 34153
>> :zirconium.libera.chat 250 nvallin :Highest connection count: 2698 (2697 clients) (506337 connections received)
>> :zirconium.libera.chat 375 nvallin :- zirconium.libera.chat Message of the Day - 
>> :zirconium.libera.chat 372 nvallin :- This server provided by Seeweb <https://www.seeweb.it/>
>> :zirconium.libera.chat 372 nvallin :- Welcome to Libera Chat, the IRC network for
>> :zirconium.libera.chat 372 nvallin :- free & open-source software and peer directed projects.
>> :zirconium.libera.chat 372 nvallin :-  
>> :zirconium.libera.chat 372 nvallin :- Use of Libera Chat is governed by our network policies.
>> :zirconium.libera.chat 372 nvallin :-  
>> :zirconium.libera.chat 372 nvallin :- To reduce network abuses we perform open proxy checks
>> :zirconium.libera.chat 372 nvallin :- on hosts at connection time.
>> :zirconium.libera.chat 372 nvallin :-  
>> :zirconium.libera.chat 372 nvallin :- Please visit us in #libera for questions and support.
>> :zirconium.libera.chat 372 nvallin :-  
>> :zirconium.libera.chat 372 nvallin :- Website and documentation:  https://libera.chat
>> :zirconium.libera.chat 372 nvallin :- Webchat:                    https://web.libera.chat
>> :zirconium.libera.chat 372 nvallin :- Network policies:           https://libera.chat/policies
>> :zirconium.libera.chat 372 nvallin :- Email:                      support@libera.chat
>> :zirconium.libera.chat 376 nvallin :End of /MOTD command.
>> :nvallin MODE nvallin :+Ziw
<< PING zirconium.libera.chat
>> :zirconium.libera.chat PONG zirconium.libera.chat :zirconium.libera.chat
--> lag pong
<< JOIN #chn3
>> :nvallin!~nvallin@194.136.126.51 JOIN #chn3
>> :zirconium.libera.chat MODE #chn3 +Cnst
>> :zirconium.libera.chat 353 nvallin @ #chn3 :@nvallin
>> :zirconium.libera.chat 366 nvallin #chn3 :End of /NAMES list.
<< MODE #chn3
>> :zirconium.libera.chat 324 nvallin #chn3 +Cnst
--> chanquery mode
<< WHO #chn3
>> :zirconium.libera.chat 329 nvallin #chn3 1745081754
--> event 329
>> :zirconium.libera.chat 352 nvallin #chn3 ~nvallin 194.136.126.51 zirconium.libera.chat nvallin H@ :0 Nuutti Vallin
--> silent event who
>> :zirconium.libera.chat 315 nvallin #chn3 :End of /WHO list.
--> chanquery who end
<< MODE #chn3 b
>> :zirconium.libera.chat 368 nvallin #chn3 :End of Channel Ban List
--> chanquery ban end
